mode: set
github.com/mellotonio/desafiogo/app/infra/persistence/memory/account_repo.go:17.69,22.2 1 1
github.com/mellotonio/desafiogo/app/infra/persistence/memory/account_repo.go:24.74,25.23 1 1
github.com/mellotonio/desafiogo/app/infra/persistence/memory/account_repo.go:31.2,33.17 2 1
github.com/mellotonio/desafiogo/app/infra/persistence/memory/account_repo.go:39.2,45.12 3 1
github.com/mellotonio/desafiogo/app/infra/persistence/memory/account_repo.go:25.23,29.3 3 1
github.com/mellotonio/desafiogo/app/infra/persistence/memory/account_repo.go:33.17,37.3 3 1
github.com/mellotonio/desafiogo/app/infra/persistence/memory/account_repo.go:48.79,49.14 1 1
github.com/mellotonio/desafiogo/app/infra/persistence/memory/account_repo.go:55.2,57.17 2 1
github.com/mellotonio/desafiogo/app/infra/persistence/memory/account_repo.go:63.2,63.40 1 1
github.com/mellotonio/desafiogo/app/infra/persistence/memory/account_repo.go:49.14,53.3 3 1
github.com/mellotonio/desafiogo/app/infra/persistence/memory/account_repo.go:57.17,61.3 3 1
github.com/mellotonio/desafiogo/app/infra/persistence/memory/account_repo.go:67.88,68.23 1 1
github.com/mellotonio/desafiogo/app/infra/persistence/memory/account_repo.go:74.2,77.17 2 1
github.com/mellotonio/desafiogo/app/infra/persistence/memory/account_repo.go:83.2,83.19 1 0
github.com/mellotonio/desafiogo/app/infra/persistence/memory/account_repo.go:68.23,72.3 3 1
github.com/mellotonio/desafiogo/app/infra/persistence/memory/account_repo.go:77.17,81.3 3 1
github.com/mellotonio/desafiogo/app/infra/persistence/memory/account_repo.go:87.81,88.15 1 1
github.com/mellotonio/desafiogo/app/infra/persistence/memory/account_repo.go:94.2,96.17 2 1
github.com/mellotonio/desafiogo/app/infra/persistence/memory/account_repo.go:102.2,102.40 1 1
github.com/mellotonio/desafiogo/app/infra/persistence/memory/account_repo.go:88.15,92.3 3 1
github.com/mellotonio/desafiogo/app/infra/persistence/memory/account_repo.go:96.17,100.3 3 1
github.com/mellotonio/desafiogo/app/infra/persistence/memory/account_repo.go:106.95,107.23 1 1
github.com/mellotonio/desafiogo/app/infra/persistence/memory/account_repo.go:113.2,115.17 2 1
github.com/mellotonio/desafiogo/app/infra/persistence/memory/account_repo.go:120.2,122.12 2 1
github.com/mellotonio/desafiogo/app/infra/persistence/memory/account_repo.go:107.23,111.3 3 0
github.com/mellotonio/desafiogo/app/infra/persistence/memory/account_repo.go:115.17,118.3 2 0
github.com/mellotonio/desafiogo/app/infra/persistence/memory/account_repo.go:126.84,127.22 1 1
github.com/mellotonio/desafiogo/app/infra/persistence/memory/account_repo.go:133.2,135.17 2 1
github.com/mellotonio/desafiogo/app/infra/persistence/memory/account_repo.go:141.2,141.48 1 1
github.com/mellotonio/desafiogo/app/infra/persistence/memory/account_repo.go:127.22,131.3 3 0
github.com/mellotonio/desafiogo/app/infra/persistence/memory/account_repo.go:135.17,139.3 3 0
github.com/mellotonio/desafiogo/app/infra/persistence/memory/account_repo.go:144.48,146.2 1 0
github.com/mellotonio/desafiogo/app/infra/persistence/memory/account_repo.go:148.72,154.2 3 1
github.com/mellotonio/desafiogo/app/infra/persistence/memory/account_repo.go:156.62,157.50 1 1
github.com/mellotonio/desafiogo/app/infra/persistence/memory/account_repo.go:163.2,163.11 1 1
github.com/mellotonio/desafiogo/app/infra/persistence/memory/account_repo.go:157.50,158.30 1 1
github.com/mellotonio/desafiogo/app/infra/persistence/memory/account_repo.go:158.30,160.4 1 1
github.com/mellotonio/desafiogo/app/infra/persistence/memory/account_repo.go:166.68,167.50 1 1
github.com/mellotonio/desafiogo/app/infra/persistence/memory/account_repo.go:173.2,173.11 1 1
github.com/mellotonio/desafiogo/app/infra/persistence/memory/account_repo.go:167.50,168.32 1 1
github.com/mellotonio/desafiogo/app/infra/persistence/memory/account_repo.go:168.32,170.4 1 1
